d:\c++\代码\c++腾讯课堂\c++入门\debug\vc142.pdb
d:\c++\代码\c++腾讯课堂\c++入门\debug\vc142.idb
d:\c++\代码\c++腾讯课堂\c++入门\debug\基础部分.obj
d:\c++\代码\c++腾讯课堂\c++入门\debug\c++基础部分.exe
d:\c++\代码\c++腾讯课堂\c++入门\debug\c++基础部分.ilk
d:\c++\代码\c++腾讯课堂\c++入门\debug\c++基础部分.pdb
d:\c++\代码\c++腾讯课堂\c++入门\debug\c++stl.ilk
d:\c++\代码\c++腾讯课堂\c++入门\debug\c++模板.ilk
d:\c++\代码\c++腾讯课堂\c++入门\debug\c++运算符重载.ilk
d:\c++\代码\c++腾讯课堂\c++入门\debug\c++面向对象.ilk
d:\c++\代码\c++腾讯课堂\c++入门\debug\c++stl.pdb
d:\c++\代码\c++腾讯课堂\c++入门\debug\c++模板.pdb
d:\c++\代码\c++腾讯课堂\c++入门\debug\c++运算符重载.pdb
d:\c++\代码\c++腾讯课堂\c++入门\debug\c++面向对象.pdb
d:\c++\代码\c++腾讯课堂\c++入门\debug\c++基础部分.tlog\cl.command.1.tlog
d:\c++\代码\c++腾讯课堂\c++入门\debug\c++基础部分.tlog\cl.read.1.tlog
d:\c++\代码\c++腾讯课堂\c++入门\debug\c++基础部分.tlog\cl.write.1.tlog
d:\c++\代码\c++腾讯课堂\c++入门\debug\c++基础部分.tlog\link.command.1.tlog
d:\c++\代码\c++腾讯课堂\c++入门\debug\c++基础部分.tlog\link.read.1.tlog
d:\c++\代码\c++腾讯课堂\c++入门\debug\c++基础部分.tlog\link.write.1.tlog
